Using pre-set license
Built from '2020.3/staging' branch; Version is '2020.3.4f1 (0abb6314276a) revision 703331'; Using compiler version '192528614'; Build Type 'Release'
OS: 'Windows 10 Enterprise; OS build 18363.1679; Version 1909; 64bit' Language: 'no' Physical Memory: 16327 MB
BatchMode: 1, IsHumanControllingUs: 0, StartBugReporterOnCrash: 0, Is64bit: 1, IsPro: 0

 COMMAND LINE ARGUMENTS:
Z:\UnityHub\UnityVersions\Editor\Unity.exe
-adb2
-batchMode
-noUpm
-name
AssetImportWorker0
-projectPath
Z:/UnityHub/Projects/MoveAndDie/Move and Die
-logFile
Logs/AssetImportWorker0.log
-srvPort
57486
Successfully changed project path to: Z:/UnityHub/Projects/MoveAndDie/Move and Die
Z:/UnityHub/Projects/MoveAndDie/Move and Die
Using Asset Import Pipeline V2.
Default GameObject BitMask: PostProcessing already registered

Refreshing native plugins compatible for Editor in 654.12 ms, found 0 plugins.
Preloading 0 native plugins for Editor in 0.00 ms.
Initialize engine version: 2020.3.4f1 (0abb6314276a)
[Subsystems] Discovering subsystems at path Z:/UnityHub/UnityVersions/Editor/Data/Resources/UnitySubsystems
[Subsystems] Discovering subsystems at path Z:/UnityHub/Projects/MoveAndDie/Move and Die/Assets
GfxDevice: creating device client; threaded=0
Direct3D:
    Version:  Direct3D 11.0 [level 11.0]
    Renderer: NVIDIA GeForce GTX 780 (ID=0x1004)
    Vendor:   
    VRAM:     3029 MB
    Driver:   27.21.14.5671
Initialize mono
Mono path[0] = 'Z:/UnityHub/UnityVersions/Editor/Data/Managed'
Mono path[1] = 'Z:/UnityHub/UnityVersions/Editor/Data/MonoBleedingEdge/lib/mono/unityjit'
Mono config path = 'Z:/UnityHub/UnityVersions/Editor/Data/MonoBleedingEdge/etc'
Using monoOptions --debugger-agent=transport=dt_socket,embedding=1,server=y,suspend=n,address=127.0.0.1:56040
Begin MonoManager ReloadAssembly
Registering precompiled unity dll's ...
Register platform support module: Z:/UnityHub/UnityVersions/Editor/Data/PlaybackEngines/WebGLSupport/UnityEditor.WebGL.Extensions.dll
Register platform support module: Z:/UnityHub/UnityVersions/Editor/Data/PlaybackEngines/WindowsStandaloneSupport/UnityEditor.WindowsStandalone.Extensions.dll
Registered in 0.002866 seconds.
Native extension for WindowsStandalone target not found
Native extension for WebGL target not found
Refreshing native plugins compatible for Editor in 90.31 ms, found 0 plugins.
Preloading 0 native plugins for Editor in 0.00 ms.
Mono: successfully reloaded assembly
- Completed reload, in  2.312 seconds
Platform modules already initialized, skipping
Registering precompiled user dll's ...
Registered in 0.008120 seconds.
Begin MonoManager ReloadAssembly
Symbol file LoadedFromMemory doesn't match image Z:\UnityHub\Projects\MoveAndDie\Move and Die\Library\PackageCache\com.unity.ext.nunit@1.0.0\net35\unity-custom\nunit.framework.dll
Error: Could not load signature of TMPro.TMP_SpriteAssetImporter:PopulateSpriteTables due to: Could not resolve type with token 0100002b (from typeref, class/assembly TMPro.SpriteAssetUtilities.TexturePacker_JsonArray, Unity.TextMeshPro, Version=0.0.0.0, Culture=neutral, PublicKeyToken=null) assembly:Unity.TextMeshPro, Version=0.0.0.0, Culture=neutral, PublicKeyToken=null type:TMPro.SpriteAssetUtilities.TexturePacker_JsonArray member:(null) signature:<none>

Could not load signature of TMPro.TMP_SpriteAssetImporter:PopulateSpriteTables due to: Could not resolve type with token 0100002b (from typeref, class/assembly TMPro.SpriteAssetUtilities.TexturePacker_JsonArray, Unity.TextMeshPro, Version=0.0.0.0, Culture=neutral, PublicKeyToken=null) assembly:Unity.TextMeshPro, Version=0.0.0.0, Culture=neutral, PublicKeyToken=null type:TMPro.SpriteAssetUtilities.TexturePacker_JsonArray member:(null) signature:<none>
Unloading broken assembly Library/ScriptAssemblies/Unity.TextMeshPro.Editor.dll, this assembly can cause crashes in the runtime

Native extension for WindowsStandalone target not found
Native extension for WebGL target not found
Refreshing native plugins compatible for Editor in 1.07 ms, found 0 plugins.
Preloading 0 native plugins for Editor in 0.00 ms.
Mono: successfully reloaded assembly
- Completed reload, in  1.873 seconds
Platform modules already initialized, skipping
========================================================================
Worker process is ready to serve import requests
Default GameObject BitMask: PostProcessing already registered

Shader 'Lightweight Render Pipeline/Particles/Lit': fallback shader 'Lightweight Render Pipeline/Particles/SimpleLit' not found
Shader 'Lightweight Render Pipeline/Particles/Lit': fallback shader 'Lightweight Render Pipeline/Particles/SimpleLit' not found
Launched and connected shader compiler UnityShaderCompiler.exe after 0.06 seconds
Refreshing native plugins compatible for Editor in 1.14 ms, found 0 plugins.
Preloading 0 native plugins for Editor in 0.00 ms.
Unloading 2825 Unused Serialized files (Serialized files now loaded: 0)
System memory in use before: 120.9 MB.
System memory in use after: 119.8 MB.

Unloading 42 unused Assets to reduce memory usage. Loaded Objects now: 3237.
Total: 5.353800 ms (FindLiveObjects: 0.313900 ms CreateObjectMapping: 0.129300 ms MarkObjects: 4.012400 ms  DeleteObjects: 0.896200 ms)

========================================================================
Received Import Request.
  path: Assets/VFXDefaultResources.asset
  artifactKey: Guid(3486eb9cd0cc17e40b9b9070fb3c54ac) Importer(815301076,1909f56bfc062723c751e8b465ee728b)
Start importing Assets/VFXDefaultResources.asset using Guid(3486eb9cd0cc17e40b9b9070fb3c54ac) Importer(815301076,1909f56bfc062723c751e8b465ee728b)  -> (artifact id: '5f96ac804962022601f3f39594267fe1') in 0.098060 seconds
  Import took 0.105243 seconds .

AssetImportWorkerClient::OnTransportError - code=2 error=End of file
